C:\tjphone-google\tjphone\libosip2-3.6.0\platform\vsnet\Release\cl.command.1.tlog
C:\tjphone-google\tjphone\libosip2-3.6.0\platform\vsnet\Release\CL.read.1.tlog
C:\tjphone-google\tjphone\libosip2-3.6.0\platform\vsnet\Release\CL.write.1.tlog
C:\TJPHONE-GOOGLE\TJPHONE\LIBOSIP2-3.6.0\PLATFORM\VSNET\RELEASE\FSM_MISC.OBJ
C:\TJPHONE-GOOGLE\TJPHONE\LIBOSIP2-3.6.0\PLATFORM\VSNET\RELEASE\ICT.OBJ
C:\TJPHONE-GOOGLE\TJPHONE\LIBOSIP2-3.6.0\PLATFORM\VSNET\RELEASE\ICT_FSM.OBJ
C:\TJPHONE-GOOGLE\TJPHONE\LIBOSIP2-3.6.0\PLATFORM\VSNET\RELEASE\IST.OBJ
C:\TJPHONE-GOOGLE\TJPHONE\LIBOSIP2-3.6.0\PLATFORM\VSNET\RELEASE\IST_FSM.OBJ
C:\tjphone-google\tjphone\libosip2-3.6.0\platform\vsnet\Release\lib.command.1.tlog
C:\tjphone-google\tjphone\libosip2-3.6.0\platform\vsnet\Release\Lib-link.read.1.tlog
C:\tjphone-google\tjphone\libosip2-3.6.0\platform\vsnet\Release\Lib-link.write.1.tlog
C:\TJPHONE-GOOGLE\TJPHONE\LIBOSIP2-3.6.0\PLATFORM\VSNET\RELEASE\NICT.OBJ
C:\TJPHONE-GOOGLE\TJPHONE\LIBOSIP2-3.6.0\PLATFORM\VSNET\RELEASE\NICT_FSM.OBJ
C:\TJPHONE-GOOGLE\TJPHONE\LIBOSIP2-3.6.0\PLATFORM\VSNET\RELEASE\NIST.OBJ
C:\TJPHONE-GOOGLE\TJPHONE\LIBOSIP2-3.6.0\PLATFORM\VSNET\RELEASE\NIST_FSM.OBJ
C:\TJPHONE-GOOGLE\TJPHONE\LIBOSIP2-3.6.0\PLATFORM\VSNET\RELEASE\OSIP.OBJ
C:\TJPHONE-GOOGLE\TJPHONE\LIBOSIP2-3.6.0\PLATFORM\VSNET\RELEASE\OSIP_DIALOG.OBJ
C:\TJPHONE-GOOGLE\TJPHONE\LIBOSIP2-3.6.0\PLATFORM\VSNET\RELEASE\OSIP_EVENT.OBJ
C:\TJPHONE-GOOGLE\TJPHONE\LIBOSIP2-3.6.0\PLATFORM\VSNET\RELEASE\OSIP_TIME.OBJ
C:\TJPHONE-GOOGLE\TJPHONE\LIBOSIP2-3.6.0\PLATFORM\VSNET\RELEASE\OSIP_TRANSACTION.OBJ
C:\TJPHONE-GOOGLE\TJPHONE\LIBOSIP2-3.6.0\PLATFORM\VSNET\RELEASE\OSIP2.PDB
C:\tjphone-google\tjphone\libosip2-3.6.0\platform\vsnet\Release\osip2.vcxprojResolveAssemblyReference.cache
C:\tjphone-google\tjphone\libosip2-3.6.0\platform\vsnet\Release\osip2.write.1.tlog
C:\TJPHONE-GOOGLE\TJPHONE\LIBOSIP2-3.6.0\PLATFORM\VSNET\RELEASE\PORT_CONDV.OBJ
C:\TJPHONE-GOOGLE\TJPHONE\LIBOSIP2-3.6.0\PLATFORM\VSNET\RELEASE\PORT_FIFO.OBJ
C:\TJPHONE-GOOGLE\TJPHONE\LIBOSIP2-3.6.0\PLATFORM\VSNET\RELEASE\PORT_SEMA.OBJ
C:\TJPHONE-GOOGLE\TJPHONE\LIBOSIP2-3.6.0\PLATFORM\VSNET\RELEASE\PORT_THREAD.OBJ
C:\TJPHONE-GOOGLE\TJPHONE\SDK\LIBS\RELEASE\OSIP2.LIB
Release\osip2.pdb
